<?xml version="1.0" encoding="UTF-8"?>
<testng-results skipped="0" failed="0" ignored="0" total="1" passed="1">
  <reporter-output>
  </reporter-output>
  <suite name="Default suite" duration-ms="77" started-at="2019-10-11T11:34:12 IST" finished-at="2019-10-11T11:34:12 IST">
    <groups>
    </groups>
    <test name="Default test" duration-ms="77" started-at="2019-10-11T11:34:12 IST" finished-at="2019-10-11T11:34:12 IST">
      <class name="com.btes.marketing.Testcaseslogin">
        <test-method status="PASS" signature="add()[pri:0, instance:com.btes.marketing.Testcaseslogin@578486a3]" name="add" duration-ms="11" started-at="2019-10-11T11:34:12 IST" finished-at="2019-10-11T11:34:12 IST">
          <reporter-output>
          </reporter-output>
        </test-method> <!-- add -->
      </class> <!-- com.btes.marketing.Testcaseslogin -->
    </test> <!-- Default test -->
  </suite> <!-- Default suite -->
</testng-results>
